28-Aug-2018 22:03:02.701 WARNING [main] org.apache.tomcat.util.digester.SetPropertiesRule.begin [SetPropertiesRule]{Server/Service/Engine/Valve} Setting property 'resolveHosts' to 'false' did not find a matching property.
28-Aug-2018 22:03:02.709 INFO [main] org.apache.catalina.core.AprLifecycleListener.lifecycleEvent The APR based Apache Tomcat Native library which allows optimal performance in production environments was not found on the java.library.path: /usr/java/packages/lib/amd64:/usr/lib/x86_64-linux-gnu/jni:/lib/x86_64-linux-gnu:/usr/lib/x86_64-linux-gnu:/usr/lib/jni:/lib:/usr/lib
28-Aug-2018 22:03:02.791 INFO [main] org.apache.coyote.AbstractProtocol.init Initializing ProtocolHandler ["http-nio-8085"]
28-Aug-2018 22:03:02.812 INFO [main] org.apache.tomcat.util.net.NioSelectorPool.getSharedSelector Using a shared selector for servlet write/read
28-Aug-2018 22:03:02.816 INFO [main] org.apache.catalina.startup.Catalina.load Initialization processed in 507 ms
28-Aug-2018 22:03:02.829 INFO [main] org.apache.catalina.core.StandardService.startInternal Starting service Catalina
28-Aug-2018 22:03:02.829 INFO [main] org.apache.catalina.core.StandardEngine.startInternal Starting Servlet Engine: Apache Tomcat/8.0.36
28-Aug-2018 22:04:45.744 INFO [localhost-startStop-1] org.apache.jasper.servlet.TldScanner.scanJars At least one JAR was scanned for TLDs yet contained no TLDs. Enable debug logging for this logger for a complete list of JARs that were scanned but no TLDs were found in them. Skipping unneeded JARs during scanning can improve startup time and JSP compilation time.
28-Aug-2018 22:05:15.583 INFO [main] org.apache.coyote.AbstractProtocol.start Starting ProtocolHandler ["http-nio-8085"]
28-Aug-2018 22:05:15.594 INFO [main] org.apache.catalina.startup.Catalina.start Server startup in 132777 ms
28-Aug-2018 22:05:20.225 INFO [main] org.apache.catalina.core.StandardServer.await A valid shutdown command was received via the shutdown port. Stopping the Server instance.
28-Aug-2018 22:05:20.226 INFO [main] org.apache.coyote.AbstractProtocol.pause Pausing ProtocolHandler ["http-nio-8085"]
28-Aug-2018 22:05:20.229 INFO [main] org.apache.catalina.core.StandardService.stopInternal Stopping service Catalina
28-Aug-2018 22:05:23.992 WARNING [localhost-startStop-1] org.apache.catalina.loader.WebappClassLoaderBase.clearReferencesJdbc The web application [ROOT] registered the JDBC driver [org.h2.Driver] but failed to unregister it when the web application was stopped. To prevent a memory leak, the JDBC Driver has been forcibly unregistered.
28-Aug-2018 22:05:23.994 WARNING [localhost-startStop-1] org.apache.catalina.loader.WebappClassLoaderBase.clearReferencesThreads The web application [ROOT] is still processing a request that has yet to finish. This is very likely to create a memory leak. You can control the time allowed for requests to finish by using the unloadDelay attribute of the standard Context implementation. Stack trace of request processing thread:
 java.io.FileInputStream.open0(Native Method)
 java.io.FileInputStream.open(FileInputStream.java:195)
 java.io.FileInputStream.<init>(FileInputStream.java:138)
 freemarker.cache.WebappTemplateLoader.getReader(WebappTemplateLoader.java:138)
 freemarker.cache.MultiTemplateLoader$MultiSource.getReader(MultiTemplateLoader.java:141)
 freemarker.cache.MultiTemplateLoader.getReader(MultiTemplateLoader.java:100)
 freemarker.cache.MultiTemplateLoader$MultiSource.getReader(MultiTemplateLoader.java:141)
 freemarker.cache.MultiTemplateLoader.getReader(MultiTemplateLoader.java:100)
 org.apache.struts2.views.freemarker.FreemarkerThemeTemplateLoader.getReader(FreemarkerThemeTemplateLoader.java:76)
 freemarker.cache.TemplateCache.loadTemplate(TemplateCache.java:546)
 freemarker.cache.TemplateCache.getTemplateInternal(TemplateCache.java:438)
 freemarker.cache.TemplateCache.getTemplate(TemplateCache.java:291)
 freemarker.template.Configuration.getTemplate(Configuration.java:2383)
 freemarker.core.Environment.getTemplateForInclusion(Environment.java:2478)
 freemarker.core.Include.accept(Include.java:162)
 freemarker.core.Environment.visit(Environment.java:326)
 freemarker.core.Environment.visit(Environment.java:332)
 freemarker.core.Environment.process(Environment.java:305)
 freemarker.template.Template.process(Template.java:384)
 com.atlassian.bamboo.ww2.FreemarkerRequestDispatcherPageFilter.applyDecorator(FreemarkerRequestDispatcherPageFilter.java:123)
 org.apache.struts2.sitemesh.TemplatePageFilter.applyDecorator(TemplatePageFilter.java:116)
 com.atlassian.bamboo.ww2.FreemarkerRequestDispatcherPageFilter.access$200(FreemarkerRequestDispatcherPageFilter.java:46)
 com.atlassian.bamboo.ww2.FreemarkerRequestDispatcherPageFilter$BambooSitemeshDecorator.render(FreemarkerRequestDispatcherPageFilter.java:245)
 com.opensymphony.sitemesh.webapp.decorator.BaseWebAppDecorator.render(BaseWebAppDecorator.java:33)
 com.opensymphony.sitemesh.webapp.SiteMeshFilter.doFilter(SiteMeshFilter.java:84)
 org.apache.catalina.core.ApplicationFilterChain.internalDoFilter(ApplicationFilterChain.java:240)
 org.apache.catalina.core.ApplicationFilterChain.doFilter(ApplicationFilterChain.java:207)
 com.atlassian.bamboo.filter.SessionCreationForAnonymousUserFilter.doFilter(SessionCreationForAnonymousUserFilter.java:40)
 org.apache.catalina.core.ApplicationFilterChain.internalDoFilter(ApplicationFilterChain.java:240)
 org.apache.catalina.core.ApplicationFilterChain.doFilter(ApplicationFilterChain.java:207)
 com.atlassian.bamboo.filter.NewRelicTransactionNamingFilter.doFilter(NewRelicTransactionNamingFilter.java:30)
 org.apache.catalina.core.ApplicationFilterChain.internalDoFilter(ApplicationFilterChain.java:240)
 org.apache.catalina.core.ApplicationFilterChain.doFilter(ApplicationFilterChain.java:207)
 com.atlassian.bamboo.ww2.StrutsPrepareFilter$1.doFilter(StrutsPrepareFilter.java:72)
 org.apache.struts2.dispatcher.filter.StrutsPrepareFilter.doFilter(StrutsPrepareFilter.java:94)
 com.atlassian.bamboo.ww2.StrutsPrepareFilter.handleRequest(StrutsPrepareFilter.java:46)
 com.atlassian.bamboo.ww2.StrutsPrepareFilter.doFilter(StrutsPrepareFilter.java:38)
 org.apache.catalina.core.ApplicationFilterChain.internalDoFilter(ApplicationFilterChain.java:240)
 org.apache.catalina.core.ApplicationFilterChain.doFilter(ApplicationFilterChain.java:207)
 com.atlassian.bamboo.filter.BambooProfilingFilter.doFilter(BambooProfilingFilter.java:39)
 org.apache.catalina.core.ApplicationFilterChain.internalDoFilter(ApplicationFilterChain.java:240)
 org.apache.catalina.core.ApplicationFilterChain.doFilter(ApplicationFilterChain.java:207)
 com.atlassian.plugin.servlet.filter.ServletFilterModuleContainerFilter.doFilter(ServletFilterModuleContainerFilter.java:64)
 com.atlassian.plugin.servlet.filter.ServletFilterModuleContainerFilter.doFilter(ServletFilterModuleContainerFilter.java:58)
 org.apache.catalina.core.ApplicationFilterChain.internalDoFilter(ApplicationFilterChain.java:240)
 org.apache.catalina.core.ApplicationFilterChain.doFilter(ApplicationFilterChain.java:207)
 com.atlassian.bamboo.filter.AccessLogFilter.doFilter(AccessLogFilter.java:84)
 org.apache.catalina.core.ApplicationFilterChain.internalDoFilter(ApplicationFilterChain.java:240)
 org.apache.catalina.core.ApplicationFilterChain.doFilter(ApplicationFilterChain.java:207)
 com.atlassian.bamboo.filter.BambooAcegiProxyFilter.doFilter(BambooAcegiProxyFilter.java:19)
 org.apache.catalina.core.ApplicationFilterChain.internalDoFilter(ApplicationFilterChain.java:240)
 org.apache.catalina.core.ApplicationFilterChain.doFilter(ApplicationFilterChain.java:207)
 com.atlassian.bamboo.filter.LicenseFilter.doFilter(LicenseFilter.java:74)
 com.atlassian.core.filters.AbstractHttpFilter.doFilter(AbstractHttpFilter.java:31)
 org.apache.catalina.core.ApplicationFilterChain.internalDoFilter(ApplicationFilterChain.java:240)
 org.apache.catalina.core.ApplicationFilterChain.doFilter(ApplicationFilterChain.java:207)
 com.atlassian.johnson.filters.AbstractJohnsonFilter.doFilter(AbstractJohnsonFilter.java:71)
 org.apache.catalina.core.ApplicationFilterChain.internalDoFilter(ApplicationFilterChain.java:240)
 org.apache.catalina.core.ApplicationFilterChain.doFilter(ApplicationFilterChain.java:207)
 com.atlassian.seraph.filter.SecurityFilter.doFilter(SecurityFilter.java:88)
 org.apache.catalina.core.ApplicationFilterChain.internalDoFilter(ApplicationFilterChain.java:240)
 org.apache.catalina.core.ApplicationFilterChain.doFilter(ApplicationFilterChain.java:207)
 com.atlassian.seraph.filter.BaseLoginFilter.doFilter(BaseLoginFilter.java:148)
 com.atlassian.seraph.filter.BambooLoginFilter.doFilter(BambooLoginFilter.java:37)
 org.apache.catalina.core.ApplicationFilterChain.internalDoFilter(ApplicationFilterChain.java:240)
 org.apache.catalina.core.ApplicationFilterChain.doFilter(ApplicationFilterChain.java:207)
 com.atlassian.plugin.servlet.filter.ServletFilterModuleContainerFilter.doFilter(ServletFilterModuleContainerFilter.java:64)
 com.atlassian.plugin.servlet.filter.ServletFilterModuleContainerFilter.doFilter(ServletFilterModuleContainerFilter.java:58)
 org.apache.catalina.core.ApplicationFilterChain.internalDoFilter(ApplicationFilterChain.java:240)
 org.apache.catalina.core.ApplicationFilterChain.doFilter(ApplicationFilterChain.java:207)
 com.atlassian.bamboo.persistence.BambooSessionInViewFilter.doFilterInternal(BambooSessionInViewFilter.java:29)
 org.springframework.web.filter.OncePerRequestFilter.doFilter(OncePerRequestFilter.java:107)
 org.apache.catalina.core.ApplicationFilterChain.internalDoFilter(ApplicationFilterChain.java:240)
 org.apache.catalina.core.ApplicationFilterChain.doFilter(ApplicationFilterChain.java:207)
 com.atlassian.bamboo.filter.BambooCompressingFilter.doFilter(BambooCompressingFilter.java:39)
 org.apache.catalina.core.ApplicationFilterChain.internalDoFilter(ApplicationFilterChain.java:240)
 org.apache.catalina.core.ApplicationFilterChain.doFilter(ApplicationFilterChain.java:207)
 com.atlassian.bamboo.filter.RequestCacheThreadLocalFilter.doFilter(RequestCacheThreadLocalFilter.java:40)
 org.apache.catalina.core.ApplicationFilterChain.internalDoFilter(ApplicationFilterChain.java:240)
 org.apache.catalina.core.ApplicationFilterChain.doFilter(ApplicationFilterChain.java:207)
 com.atlassian.bamboo.filter.ClickjackingAndMimeTypeSniffingPreventionFilter.doFilter(ClickjackingAndMimeTypeSniffingPreventionFilter.java:36)
 org.apache.catalina.core.ApplicationFilterChain.internalDoFilter(ApplicationFilterChain.java:240)
 org.apache.catalina.core.ApplicationFilterChain.doFilter(ApplicationFilterChain.java:207)
 com.atlassian.bamboo.filter.CookieCacheControlFilter.doFilter(CookieCacheControlFilter.java:49)
 org.apache.catalina.core.ApplicationFilterChain.internalDoFilter(ApplicationFilterChain.java:240)
 org.apache.catalina.core.ApplicationFilterChain.doFilter(ApplicationFilterChain.java:207)
 com.atlassian.core.filters.HeaderSanitisingFilter.doFilter(HeaderSanitisingFilter.java:44)
 org.apache.catalina.core.ApplicationFilterChain.internalDoFilter(ApplicationFilterChain.java:240)
 org.apache.catalina.core.ApplicationFilterChain.doFilter(ApplicationFilterChain.java:207)
 com.atlassian.plugin.servlet.filter.ServletFilterModuleContainerFilter.doFilter(ServletFilterModuleContainerFilter.java:64)
 com.atlassian.plugin.servlet.filter.ServletFilterModuleContainerFilter.doFilter(ServletFilterModuleContainerFilter.java:58)
 org.apache.catalina.core.ApplicationFilterChain.internalDoFilter(ApplicationFilterChain.java:240)
 org.apache.catalina.core.ApplicationFilterChain.doFilter(ApplicationFilterChain.java:207)
 org.springframework.web.filter.CharacterEncodingFilter.doFilterInternal(CharacterEncodingFilter.java:200)
 org.springframework.web.filter.OncePerRequestFilter.doFilter(OncePerRequestFilter.java:107)
 org.apache.catalina.core.ApplicationFilterChain.internalDoFilter(ApplicationFilterChain.java:240)
 org.apache.catalina.core.ApplicationFilterChain.doFilter(ApplicationFilterChain.java:207)
 org.apache.catalina.core.StandardWrapperValve.invoke(StandardWrapperValve.java:212)
 org.apache.catalina.core.StandardContextValve.invoke(StandardContextValve.java:106)
 org.apache.catalina.authenticator.AuthenticatorBase.invoke(AuthenticatorBase.java:502)
 org.apache.catalina.core.StandardHostValve.invoke(StandardHostValve.java:141)
 org.apache.catalina.valves.ErrorReportValve.invoke(ErrorReportValve.java:79)
 org.apache.catalina.core.StandardEngineValve.invoke(StandardEngineValve.java:88)
 org.apache.catalina.valves.StuckThreadDetectionValve.invoke(StuckThreadDetectionValve.java:206)
 org.apache.catalina.valves.AbstractAccessLogValve.invoke(AbstractAccessLogValve.java:616)
 org.apache.catalina.connector.CoyoteAdapter.service(CoyoteAdapter.java:528)
 org.apache.coyote.http11.AbstractHttp11Processor.process(AbstractHttp11Processor.java:1099)
 org.apache.coyote.AbstractProtocol$AbstractConnectionHandler.process(AbstractProtocol.java:670)
 org.apache.tomcat.util.net.NioEndpoint$SocketProcessor.doRun(NioEndpoint.java:1520)
 org.apache.tomcat.util.net.NioEndpoint$SocketProcessor.run(NioEndpoint.java:1476)
 java.util.concurrent.ThreadPoolExecutor.runWorker(ThreadPoolExecutor.java:1142)
 java.util.concurrent.ThreadPoolExecutor$Worker.run(ThreadPoolExecutor.java:617)
 org.apache.tomcat.util.threads.TaskThread$WrappingRunnable.run(TaskThread.java:61)
 java.lang.Thread.run(Thread.java:745)
28-Aug-2018 22:05:23.995 SEVERE [localhost-startStop-1] org.apache.catalina.loader.WebappClassLoaderBase.checkThreadLocalMapForLeaks The web application [ROOT] created a ThreadLocal with key of type [java.lang.ThreadLocal.SuppliedThreadLocal] (value [java.lang.ThreadLocal$SuppliedThreadLocal@2d7b3ec8]) and a value of type [com.atlassian.bamboo.utils.scopedcaches.ScopedCaches] (value [com.atlassian.bamboo.utils.scopedcaches.ScopedCaches@669d14e]) but failed to remove it when the web application was stopped. Threads are going to be renewed over time to try and avoid a probable memory leak.
28-Aug-2018 22:05:23.996 SEVERE [localhost-startStop-1] org.apache.catalina.loader.WebappClassLoaderBase.checkThreadLocalMapForLeaks The web application [ROOT] created a ThreadLocal with key of type [java.lang.ThreadLocal] (value [java.lang.ThreadLocal@3cd5850e]) and a value of type [org.acegisecurity.context.SecurityContextImpl] (value [org.acegisecurity.context.SecurityContextImpl@ffffffff: Null authentication]) but failed to remove it when the web application was stopped. Threads are going to be renewed over time to try and avoid a probable memory leak.
28-Aug-2018 22:05:23.996 SEVERE [localhost-startStop-1] org.apache.catalina.loader.WebappClassLoaderBase.checkThreadLocalMapForLeaks The web application [ROOT] created a ThreadLocal with key of type [java.lang.ThreadLocal.SuppliedThreadLocal] (value [java.lang.ThreadLocal$SuppliedThreadLocal@2d7b3ec8]) and a value of type [com.atlassian.bamboo.utils.scopedcaches.ScopedCaches] (value [com.atlassian.bamboo.utils.scopedcaches.ScopedCaches@5280e9a8]) but failed to remove it when the web application was stopped. Threads are going to be renewed over time to try and avoid a probable memory leak.
28-Aug-2018 22:05:23.997 SEVERE [localhost-startStop-1] org.apache.catalina.loader.WebappClassLoaderBase.checkThreadLocalMapForLeaks The web application [ROOT] created a ThreadLocal with key of type [freemarker.core.profiler.FreemarkerProfiler$1] (value [freemarker.core.profiler.FreemarkerProfiler$1@26f9104e]) and a value of type [freemarker.core.profiler.FreemarkerProfiler] (value [freemarker.core.profiler.FreemarkerProfiler@6ed2467e]) but failed to remove it when the web application was stopped. Threads are going to be renewed over time to try and avoid a probable memory leak.
28-Aug-2018 22:05:23.997 SEVERE [localhost-startStop-1] org.apache.catalina.loader.WebappClassLoaderBase.checkThreadLocalMapForLeaks The web application [ROOT] created a ThreadLocal with key of type [java.lang.ThreadLocal] (value [java.lang.ThreadLocal@7ebf435f]) and a value of type [com.opensymphony.xwork2.ActionContext] (value [com.opensymphony.xwork2.ActionContext@2b273889]) but failed to remove it when the web application was stopped. Threads are going to be renewed over time to try and avoid a probable memory leak.
28-Aug-2018 22:05:23.997 SEVERE [localhost-startStop-1] org.apache.catalina.loader.WebappClassLoaderBase.checkThreadLocalMapForLeaks The web application [ROOT] created a ThreadLocal with key of type [java.lang.ThreadLocal] (value [java.lang.ThreadLocal@453236c3]) and a value of type [freemarker.core.Environment] (value [freemarker.core.Environment@392f79ad]) but failed to remove it when the web application was stopped. Threads are going to be renewed over time to try and avoid a probable memory leak.
28-Aug-2018 22:05:23.997 SEVERE [localhost-startStop-1] org.apache.catalina.loader.WebappClassLoaderBase.checkThreadLocalMapForLeaks The web application [ROOT] created a ThreadLocal with key of type [java.lang.ThreadLocal] (value [java.lang.ThreadLocal@3d8e606c]) and a value of type [com.opensymphony.xwork2.inject.ContainerImpl] (value [com.opensymphony.xwork2.inject.ContainerImpl@2ffff424]) but failed to remove it when the web application was stopped. Threads are going to be renewed over time to try and avoid a probable memory leak.
28-Aug-2018 22:05:23.998 SEVERE [localhost-startStop-1] org.apache.catalina.loader.WebappClassLoaderBase.checkThreadLocalMapForLeaks The web application [ROOT] created a ThreadLocal with key of type [java.lang.ThreadLocal.SuppliedThreadLocal] (value [java.lang.ThreadLocal$SuppliedThreadLocal@2d7b3ec8]) and a value of type [com.atlassian.bamboo.utils.scopedcaches.ScopedCaches] (value [com.atlassian.bamboo.utils.scopedcaches.ScopedCaches@7b2f4b36]) but failed to remove it when the web application was stopped. Threads are going to be renewed over time to try and avoid a probable memory leak.
28-Aug-2018 22:05:23.998 SEVERE [localhost-startStop-1] org.apache.catalina.loader.WebappClassLoaderBase.checkThreadLocalMapForLeaks The web application [ROOT] created a ThreadLocal with key of type [java.lang.ThreadLocal] (value [java.lang.ThreadLocal@398fa7ef]) and a value of type [org.apache.struts2.dispatcher.Dispatcher] (value [org.apache.struts2.dispatcher.Dispatcher@774c3db2]) but failed to remove it when the web application was stopped. Threads are going to be renewed over time to try and avoid a probable memory leak.
28-Aug-2018 22:05:24.000 INFO [http-nio-8085-exec-4] org.apache.catalina.loader.WebappClassLoaderBase.checkStateForResourceLoading Illegal access: this web application instance has been stopped already. Could not load [ognl/OgnlRuntime.java]. The following stack trace is thrown for debugging purposes as well as to attempt to terminate the thread which caused the illegal access.
 java.lang.IllegalStateException: Illegal access: this web application instance has been stopped already. Could not load [ognl/OgnlRuntime.java]. The following stack trace is thrown for debugging purposes as well as to attempt to terminate the thread which caused the illegal access.
	at org.apache.catalina.loader.WebappClassLoaderBase.checkStateForResourceLoading(WebappClassLoaderBase.java:1352)
	at org.apache.catalina.loader.WebappClassLoaderBase.getResource(WebappClassLoaderBase.java:1028)
	at com.opensymphony.xwork2.util.ClassLoaderUtil.getResource(ClassLoaderUtil.java:105)
	at com.opensymphony.xwork2.util.location.LocationUtils.getLocation(LocationUtils.java:287)
	at com.opensymphony.xwork2.util.location.LocationUtils.getLocation(LocationUtils.java:201)
	at com.opensymphony.xwork2.XWorkException.<init>(XWorkException.java:104)
	at com.opensymphony.xwork2.XWorkException.<init>(XWorkException.java:87)
	at com.opensymphony.xwork2.ognl.accessor.CompoundRootAccessor.getProperty(CompoundRootAccessor.java:146)
	at ognl.OgnlRuntime.getProperty(OgnlRuntime.java:2671)
	at ognl.ASTProperty.getValueBody(ASTProperty.java:114)
	at ognl.SimpleNode.evaluateGetValueBody(SimpleNode.java:212)
	at ognl.SimpleNode.getValue(SimpleNode.java:258)
	at ognl.Ognl.getValue(Ognl.java:470)
	at ognl.Ognl.getValue(Ognl.java:434)
	at com.opensymphony.xwork2.ognl.OgnlUtil$2.execute(OgnlUtil.java:363)
	at com.opensymphony.xwork2.ognl.OgnlUtil.compileAndExecute(OgnlUtil.java:402)
	at com.opensymphony.xwork2.ognl.OgnlUtil.getValue(OgnlUtil.java:361)
	at com.opensymphony.xwork2.ognl.OgnlValueStack.getValueUsingOgnl(OgnlValueStack.java:292)
	at com.opensymphony.xwork2.ognl.OgnlValueStack.tryFindValue(OgnlValueStack.java:275)
	at com.opensymphony.xwork2.ognl.OgnlValueStack.tryFindValueWhenExpressionIsNotNull(OgnlValueStack.java:257)
	at com.opensymphony.xwork2.ognl.OgnlValueStack.findValue(OgnlValueStack.java:237)
	at com.opensymphony.xwork2.ognl.OgnlValueStack.findValue(OgnlValueStack.java:299)
	at org.apache.struts2.views.freemarker.ScopesHashModel.findValueOnStack(ScopesHashModel.java:158)
	at org.apache.struts2.views.freemarker.ScopesHashModel.get(ScopesHashModel.java:97)
	at freemarker.core.Environment.getGlobalVariable(Environment.java:1911)
	at freemarker.core.Environment.getVariable(Environment.java:1898)
	at freemarker.core.Identifier._eval(Identifier.java:39)
	at freemarker.core.Expression.eval(Expression.java:81)
	at freemarker.core.ExistenceBuiltins$ExistenceBuiltIn.evalMaybeNonexistentTarget(ExistenceBuiltins.java:52)
	at freemarker.core.ExistenceBuiltins$has_contentBI._eval(ExistenceBuiltins.java:112)
	at freemarker.core.ExistenceBuiltins$has_contentBI.evalToBoolean(ExistenceBuiltins.java:119)
	at freemarker.core.IfBlock.accept(IfBlock.java:49)
	at freemarker.core.Environment.visit(Environment.java:326)
	at freemarker.core.Environment.visit(Environment.java:332)
	at freemarker.core.Environment.include(Environment.java:2505)
	at freemarker.core.Include.accept(Include.java:171)
	at freemarker.core.Environment.visit(Environment.java:326)
	at freemarker.core.Environment.visit(Environment.java:332)
	at freemarker.core.Environment.process(Environment.java:305)
	at freemarker.template.Template.process(Template.java:384)
	at com.atlassian.bamboo.ww2.FreemarkerRequestDispatcherPageFilter.applyDecorator(FreemarkerRequestDispatcherPageFilter.java:123)
	at org.apache.struts2.sitemesh.TemplatePageFilter.applyDecorator(TemplatePageFilter.java:116)
	at com.atlassian.bamboo.ww2.FreemarkerRequestDispatcherPageFilter.access$200(FreemarkerRequestDispatcherPageFilter.java:46)
	at com.atlassian.bamboo.ww2.FreemarkerRequestDispatcherPageFilter$BambooSitemeshDecorator.render(FreemarkerRequestDispatcherPageFilter.java:245)
	at com.opensymphony.sitemesh.webapp.decorator.BaseWebAppDecorator.render(BaseWebAppDecorator.java:33)
	at com.opensymphony.sitemesh.webapp.SiteMeshFilter.doFilter(SiteMeshFilter.java:84)
	at org.apache.catalina.core.ApplicationFilterChain.internalDoFilter(ApplicationFilterChain.java:240)
	at org.apache.catalina.core.ApplicationFilterChain.doFilter(ApplicationFilterChain.java:207)
	at com.atlassian.bamboo.filter.SessionCreationForAnonymousUserFilter.doFilter(SessionCreationForAnonymousUserFilter.java:40)
	at org.apache.catalina.core.ApplicationFilterChain.internalDoFilter(ApplicationFilterChain.java:240)
	at org.apache.catalina.core.ApplicationFilterChain.doFilter(ApplicationFilterChain.java:207)
	at com.atlassian.bamboo.filter.NewRelicTransactionNamingFilter.doFilter(NewRelicTransactionNamingFilter.java:30)
	at org.apache.catalina.core.ApplicationFilterChain.internalDoFilter(ApplicationFilterChain.java:240)
	at org.apache.catalina.core.ApplicationFilterChain.doFilter(ApplicationFilterChain.java:207)
	at com.atlassian.bamboo.ww2.StrutsPrepareFilter$1.doFilter(StrutsPrepareFilter.java:72)
	at org.apache.struts2.dispatcher.filter.StrutsPrepareFilter.doFilter(StrutsPrepareFilter.java:94)
	at com.atlassian.bamboo.ww2.StrutsPrepareFilter.handleRequest(StrutsPrepareFilter.java:46)
	at com.atlassian.bamboo.ww2.StrutsPrepareFilter.doFilter(StrutsPrepareFilter.java:38)
	at org.apache.catalina.core.ApplicationFilterChain.internalDoFilter(ApplicationFilterChain.java:240)
	at org.apache.catalina.core.ApplicationFilterChain.doFilter(ApplicationFilterChain.java:207)
	at com.atlassian.bamboo.filter.BambooProfilingFilter.doFilter(BambooProfilingFilter.java:39)
	at org.apache.catalina.core.ApplicationFilterChain.internalDoFilter(ApplicationFilterChain.java:240)
	at org.apache.catalina.core.ApplicationFilterChain.doFilter(ApplicationFilterChain.java:207)
	at com.atlassian.plugin.servlet.filter.ServletFilterModuleContainerFilter.doFilter(ServletFilterModuleContainerFilter.java:64)
	at com.atlassian.plugin.servlet.filter.ServletFilterModuleContainerFilter.doFilter(ServletFilterModuleContainerFilter.java:58)
	at org.apache.catalina.core.ApplicationFilterChain.internalDoFilter(ApplicationFilterChain.java:240)
	at org.apache.catalina.core.ApplicationFilterChain.doFilter(ApplicationFilterChain.java:207)
	at com.atlassian.bamboo.filter.AccessLogFilter.doFilter(AccessLogFilter.java:84)
	at org.apache.catalina.core.ApplicationFilterChain.internalDoFilter(ApplicationFilterChain.java:240)
	at org.apache.catalina.core.ApplicationFilterChain.doFilter(ApplicationFilterChain.java:207)
	at com.atlassian.bamboo.filter.BambooAcegiProxyFilter.doFilter(BambooAcegiProxyFilter.java:19)
	at org.apache.catalina.core.ApplicationFilterChain.internalDoFilter(ApplicationFilterChain.java:240)
	at org.apache.catalina.core.ApplicationFilterChain.doFilter(ApplicationFilterChain.java:207)
	at com.atlassian.bamboo.filter.LicenseFilter.doFilter(LicenseFilter.java:74)
	at com.atlassian.core.filters.AbstractHttpFilter.doFilter(AbstractHttpFilter.java:31)
	at org.apache.catalina.core.ApplicationFilterChain.internalDoFilter(ApplicationFilterChain.java:240)
	at org.apache.catalina.core.ApplicationFilterChain.doFilter(ApplicationFilterChain.java:207)
	at com.atlassian.johnson.filters.AbstractJohnsonFilter.doFilter(AbstractJohnsonFilter.java:71)
	at org.apache.catalina.core.ApplicationFilterChain.internalDoFilter(ApplicationFilterChain.java:240)
	at org.apache.catalina.core.ApplicationFilterChain.doFilter(ApplicationFilterChain.java:207)
	at com.atlassian.seraph.filter.SecurityFilter.doFilter(SecurityFilter.java:88)
	at org.apache.catalina.core.ApplicationFilterChain.internalDoFilter(ApplicationFilterChain.java:240)
	at org.apache.catalina.core.ApplicationFilterChain.doFilter(ApplicationFilterChain.java:207)
	at com.atlassian.seraph.filter.BaseLoginFilter.doFilter(BaseLoginFilter.java:148)
	at com.atlassian.seraph.filter.BambooLoginFilter.doFilter(BambooLoginFilter.java:37)
	at org.apache.catalina.core.ApplicationFilterChain.internalDoFilter(ApplicationFilterChain.java:240)
	at org.apache.catalina.core.ApplicationFilterChain.doFilter(ApplicationFilterChain.java:207)
	at com.atlassian.plugin.servlet.filter.ServletFilterModuleContainerFilter.doFilter(ServletFilterModuleContainerFilter.java:64)
	at com.atlassian.plugin.servlet.filter.ServletFilterModuleContainerFilter.doFilter(ServletFilterModuleContainerFilter.java:58)
	at org.apache.catalina.core.ApplicationFilterChain.internalDoFilter(ApplicationFilterChain.java:240)
	at org.apache.catalina.core.ApplicationFilterChain.doFilter(ApplicationFilterChain.java:207)
	at com.atlassian.bamboo.persistence.BambooSessionInViewFilter.doFilterInternal(BambooSessionInViewFilter.java:29)
	at org.springframework.web.filter.OncePerRequestFilter.doFilter(OncePerRequestFilter.java:107)
	at org.apache.catalina.core.ApplicationFilterChain.internalDoFilter(ApplicationFilterChain.java:240)
	at org.apache.catalina.core.ApplicationFilterChain.doFilter(ApplicationFilterChain.java:207)
	at com.atlassian.bamboo.filter.BambooCompressingFilter.doFilter(BambooCompressingFilter.java:39)
	at org.apache.catalina.core.ApplicationFilterChain.internalDoFilter(ApplicationFilterChain.java:240)
	at org.apache.catalina.core.ApplicationFilterChain.doFilter(ApplicationFilterChain.java:207)
	at com.atlassian.bamboo.filter.RequestCacheThreadLocalFilter.doFilter(RequestCacheThreadLocalFilter.java:40)
	at org.apache.catalina.core.ApplicationFilterChain.internalDoFilter(ApplicationFilterChain.java:240)
	at org.apache.catalina.core.ApplicationFilterChain.doFilter(ApplicationFilterChain.java:207)
	at com.atlassian.bamboo.filter.ClickjackingAndMimeTypeSniffingPreventionFilter.doFilter(ClickjackingAndMimeTypeSniffingPreventionFilter.java:36)
	at org.apache.catalina.core.ApplicationFilterChain.internalDoFilter(ApplicationFilterChain.java:240)
	at org.apache.catalina.core.ApplicationFilterChain.doFilter(ApplicationFilterChain.java:207)
	at com.atlassian.bamboo.filter.CookieCacheControlFilter.doFilter(CookieCacheControlFilter.java:49)
	at org.apache.catalina.core.ApplicationFilterChain.internalDoFilter(ApplicationFilterChain.java:240)
	at org.apache.catalina.core.ApplicationFilterChain.doFilter(ApplicationFilterChain.java:207)
	at com.atlassian.core.filters.HeaderSanitisingFilter.doFilter(HeaderSanitisingFilter.java:44)
	at org.apache.catalina.core.ApplicationFilterChain.internalDoFilter(ApplicationFilterChain.java:240)
	at org.apache.catalina.core.ApplicationFilterChain.doFilter(ApplicationFilterChain.java:207)
	at com.atlassian.plugin.servlet.filter.ServletFilterModuleContainerFilter.doFilter(ServletFilterModuleContainerFilter.java:64)
	at com.atlassian.plugin.servlet.filter.ServletFilterModuleContainerFilter.doFilter(ServletFilterModuleContainerFilter.java:58)
	at org.apache.catalina.core.ApplicationFilterChain.internalDoFilter(ApplicationFilterChain.java:240)
	at org.apache.catalina.core.ApplicationFilterChain.doFilter(ApplicationFilterChain.java:207)
	at org.springframework.web.filter.CharacterEncodingFilter.doFilterInternal(CharacterEncodingFilter.java:200)
	at org.springframework.web.filter.OncePerRequestFilter.doFilter(OncePerRequestFilter.java:107)
	at org.apache.catalina.core.ApplicationFilterChain.internalDoFilter(ApplicationFilterChain.java:240)
	at org.apache.catalina.core.ApplicationFilterChain.doFilter(ApplicationFilterChain.java:207)
	at org.apache.catalina.core.StandardWrapperValve.invoke(StandardWrapperValve.java:212)
	at org.apache.catalina.core.StandardContextValve.invoke(StandardContextValve.java:106)
	at org.apache.catalina.authenticator.AuthenticatorBase.invoke(AuthenticatorBase.java:502)
	at org.apache.catalina.core.StandardHostValve.invoke(StandardHostValve.java:141)
	at org.apache.catalina.valves.ErrorReportValve.invoke(ErrorReportValve.java:79)
	at org.apache.catalina.core.StandardEngineValve.invoke(StandardEngineValve.java:88)
	at org.apache.catalina.valves.StuckThreadDetectionValve.invoke(StuckThreadDetectionValve.java:206)
	at org.apache.catalina.valves.AbstractAccessLogValve.invoke(AbstractAccessLogValve.java:616)
	at org.apache.catalina.connector.CoyoteAdapter.service(CoyoteAdapter.java:528)
	at org.apache.coyote.http11.AbstractHttp11Processor.process(AbstractHttp11Processor.java:1099)
	at org.apache.coyote.AbstractProtocol$AbstractConnectionHandler.process(AbstractProtocol.java:670)
	at org.apache.tomcat.util.net.NioEndpoint$SocketProcessor.doRun(NioEndpoint.java:1520)
	at org.apache.tomcat.util.net.NioEndpoint$SocketProcessor.run(NioEndpoint.java:1476)
	at java.util.concurrent.ThreadPoolExecutor.runWorker(ThreadPoolExecutor.java:1142)
	at java.util.concurrent.ThreadPoolExecutor$Worker.run(ThreadPoolExecutor.java:617)
	at org.apache.tomcat.util.threads.TaskThread$WrappingRunnable.run(TaskThread.java:61)
	at java.lang.Thread.run(Thread.java:745)

28-Aug-2018 22:05:24.008 INFO [http-nio-8085-exec-4] org.apache.catalina.loader.WebappClassLoaderBase.checkStateForResourceLoading Illegal access: this web application instance has been stopped already. Could not load [ognl/OgnlRuntime.java]. The following stack trace is thrown for debugging purposes as well as to attempt to terminate the thread which caused the illegal access.
 java.lang.IllegalStateException: Illegal access: this web application instance has been stopped already. Could not load [ognl/OgnlRuntime.java]. The following stack trace is thrown for debugging purposes as well as to attempt to terminate the thread which caused the illegal access.
	at org.apache.catalina.loader.WebappClassLoaderBase.checkStateForResourceLoading(WebappClassLoaderBase.java:1352)
	at org.apache.catalina.loader.WebappClassLoaderBase.getResource(WebappClassLoaderBase.java:1028)
	at com.opensymphony.xwork2.util.ClassLoaderUtil.getResource(ClassLoaderUtil.java:105)
	at com.opensymphony.xwork2.util.location.LocationUtils.getLocation(LocationUtils.java:287)
	at com.opensymphony.xwork2.util.location.LocationUtils.getLocation(LocationUtils.java:201)
	at com.opensymphony.xwork2.XWorkException.<init>(XWorkException.java:104)
	at com.opensymphony.xwork2.XWorkException.<init>(XWorkException.java:87)
	at com.opensymphony.xwork2.ognl.accessor.CompoundRootAccessor.getProperty(CompoundRootAccessor.java:146)
	at ognl.OgnlRuntime.getProperty(OgnlRuntime.java:2671)
	at ognl.ASTProperty.getValueBody(ASTProperty.java:114)
	at ognl.SimpleNode.evaluateGetValueBody(SimpleNode.java:212)
	at ognl.SimpleNode.getValue(SimpleNode.java:258)
	at ognl.Ognl.getValue(Ognl.java:470)
	at ognl.Ognl.getValue(Ognl.java:434)
	at com.opensymphony.xwork2.ognl.OgnlUtil$2.execute(OgnlUtil.java:363)
	at com.opensymphony.xwork2.ognl.OgnlUtil.compileAndExecute(OgnlUtil.java:402)
	at com.opensymphony.xwork2.ognl.OgnlUtil.getValue(OgnlUtil.java:361)
	at com.opensymphony.xwork2.ognl.OgnlValueStack.getValueUsingOgnl(OgnlValueStack.java:292)
	at com.opensymphony.xwork2.ognl.OgnlValueStack.tryFindValue(OgnlValueStack.java:275)
	at com.opensymphony.xwork2.ognl.OgnlValueStack.tryFindValueWhenExpressionIsNotNull(OgnlValueStack.java:257)
	at com.opensymphony.xwork2.ognl.OgnlValueStack.findValue(OgnlValueStack.java:237)
	at com.opensymphony.xwork2.ognl.OgnlValueStack.findValue(OgnlValueStack.java:299)
	at org.apache.struts2.dispatcher.StrutsRequestWrapper.getAttribute(StrutsRequestWrapper.java:97)
	at org.apache.struts2.views.freemarker.ScopesHashModel.get(ScopesHashModel.java:112)
	at freemarker.core.Environment.getGlobalVariable(Environment.java:1911)
	at freemarker.core.Environment.getVariable(Environment.java:1898)
	at freemarker.core.Identifier._eval(Identifier.java:39)
	at freemarker.core.Expression.eval(Expression.java:81)
	at freemarker.core.ExistenceBuiltins$ExistenceBuiltIn.evalMaybeNonexistentTarget(ExistenceBuiltins.java:52)
	at freemarker.core.ExistenceBuiltins$has_contentBI._eval(ExistenceBuiltins.java:112)
	at freemarker.core.ExistenceBuiltins$has_contentBI.evalToBoolean(ExistenceBuiltins.java:119)
	at freemarker.core.IfBlock.accept(IfBlock.java:49)
	at freemarker.core.Environment.visit(Environment.java:326)
	at freemarker.core.Environment.visit(Environment.java:332)
	at freemarker.core.Environment.include(Environment.java:2505)
	at freemarker.core.Include.accept(Include.java:171)
	at freemarker.core.Environment.visit(Environment.java:326)
	at freemarker.core.Environment.visit(Environment.java:332)
	at freemarker.core.Environment.process(Environment.java:305)
	at freemarker.template.Template.process(Template.java:384)
	at com.atlassian.bamboo.ww2.FreemarkerRequestDispatcherPageFilter.applyDecorator(FreemarkerRequestDispatcherPageFilter.java:123)
	at org.apache.struts2.sitemesh.TemplatePageFilter.applyDecorator(TemplatePageFilter.java:116)
	at com.atlassian.bamboo.ww2.FreemarkerRequestDispatcherPageFilter.access$200(FreemarkerRequestDispatcherPageFilter.java:46)
	at com.atlassian.bamboo.ww2.FreemarkerRequestDispatcherPageFilter$BambooSitemeshDecorator.render(FreemarkerRequestDispatcherPageFilter.java:245)
	at com.opensymphony.sitemesh.webapp.decorator.BaseWebAppDecorator.render(BaseWebAppDecorator.java:33)
	at com.opensymphony.sitemesh.webapp.SiteMeshFilter.doFilter(SiteMeshFilter.java:84)
	at org.apache.catalina.core.ApplicationFilterChain.internalDoFilter(ApplicationFilterChain.java:240)
	at org.apache.catalina.core.ApplicationFilterChain.doFilter(ApplicationFilterChain.java:207)
	at com.atlassian.bamboo.filter.SessionCreationForAnonymousUserFilter.doFilter(SessionCreationForAnonymousUserFilter.java:40)
	at org.apache.catalina.core.ApplicationFilterChain.internalDoFilter(ApplicationFilterChain.java:240)
	at org.apache.catalina.core.ApplicationFilterChain.doFilter(ApplicationFilterChain.java:207)
	at com.atlassian.bamboo.filter.NewRelicTransactionNamingFilter.doFilter(NewRelicTransactionNamingFilter.java:30)
	at org.apache.catalina.core.ApplicationFilterChain.internalDoFilter(ApplicationFilterChain.java:240)
	at org.apache.catalina.core.ApplicationFilterChain.doFilter(ApplicationFilterChain.java:207)
	at com.atlassian.bamboo.ww2.StrutsPrepareFilter$1.doFilter(StrutsPrepareFilter.java:72)
	at org.apache.struts2.dispatcher.filter.StrutsPrepareFilter.doFilter(StrutsPrepareFilter.java:94)
	at com.atlassian.bamboo.ww2.StrutsPrepareFilter.handleRequest(StrutsPrepareFilter.java:46)
	at com.atlassian.bamboo.ww2.StrutsPrepareFilter.doFilter(StrutsPrepareFilter.java:38)
	at org.apache.catalina.core.ApplicationFilterChain.internalDoFilter(ApplicationFilterChain.java:240)
	at org.apache.catalina.core.ApplicationFilterChain.doFilter(ApplicationFilterChain.java:207)
	at com.atlassian.bamboo.filter.BambooProfilingFilter.doFilter(BambooProfilingFilter.java:39)
	at org.apache.catalina.core.ApplicationFilterChain.internalDoFilter(ApplicationFilterChain.java:240)
	at org.apache.catalina.core.ApplicationFilterChain.doFilter(ApplicationFilterChain.java:207)
	at com.atlassian.plugin.servlet.filter.ServletFilterModuleContainerFilter.doFilter(ServletFilterModuleContainerFilter.java:64)
	at com.atlassian.plugin.servlet.filter.ServletFilterModuleContainerFilter.doFilter(ServletFilterModuleContainerFilter.java:58)
	at org.apache.catalina.core.ApplicationFilterChain.internalDoFilter(ApplicationFilterChain.java:240)
	at org.apache.catalina.core.ApplicationFilterChain.doFilter(ApplicationFilterChain.java:207)
	at com.atlassian.bamboo.filter.AccessLogFilter.doFilter(AccessLogFilter.java:84)
	at org.apache.catalina.core.ApplicationFilterChain.internalDoFilter(ApplicationFilterChain.java:240)
	at org.apache.catalina.core.ApplicationFilterChain.doFilter(ApplicationFilterChain.java:207)
	at com.atlassian.bamboo.filter.BambooAcegiProxyFilter.doFilter(BambooAcegiProxyFilter.java:19)
	at org.apache.catalina.core.ApplicationFilterChain.internalDoFilter(ApplicationFilterChain.java:240)
	at org.apache.catalina.core.ApplicationFilterChain.doFilter(ApplicationFilterChain.java:207)
	at com.atlassian.bamboo.filter.LicenseFilter.doFilter(LicenseFilter.java:74)
	at com.atlassian.core.filters.AbstractHttpFilter.doFilter(AbstractHttpFilter.java:31)
	at org.apache.catalina.core.ApplicationFilterChain.internalDoFilter(ApplicationFilterChain.java:240)
	at org.apache.catalina.core.ApplicationFilterChain.doFilter(ApplicationFilterChain.java:207)
	at com.atlassian.johnson.filters.AbstractJohnsonFilter.doFilter(AbstractJohnsonFilter.java:71)
	at org.apache.catalina.core.ApplicationFilterChain.internalDoFilter(ApplicationFilterChain.java:240)
	at org.apache.catalina.core.ApplicationFilterChain.doFilter(ApplicationFilterChain.java:207)
	at com.atlassian.seraph.filter.SecurityFilter.doFilter(SecurityFilter.java:88)
	at org.apache.catalina.core.ApplicationFilterChain.internalDoFilter(ApplicationFilterChain.java:240)
	at org.apache.catalina.core.ApplicationFilterChain.doFilter(ApplicationFilterChain.java:207)
	at com.atlassian.seraph.filter.BaseLoginFilter.doFilter(BaseLoginFilter.java:148)
	at com.atlassian.seraph.filter.BambooLoginFilter.doFilter(BambooLoginFilter.java:37)
	at org.apache.catalina.core.ApplicationFilterChain.internalDoFilter(ApplicationFilterChain.java:240)
	at org.apache.catalina.core.ApplicationFilterChain.doFilter(ApplicationFilterChain.java:207)
	at com.atlassian.plugin.servlet.filter.ServletFilterModuleContainerFilter.doFilter(ServletFilterModuleContainerFilter.java:64)
	at com.atlassian.plugin.servlet.filter.ServletFilterModuleContainerFilter.doFilter(ServletFilterModuleContainerFilter.java:58)
	at org.apache.catalina.core.ApplicationFilterChain.internalDoFilter(ApplicationFilterChain.java:240)
	at org.apache.catalina.core.ApplicationFilterChain.doFilter(ApplicationFilterChain.java:207)
	at com.atlassian.bamboo.persistence.BambooSessionInViewFilter.doFilterInternal(BambooSessionInViewFilter.java:29)
	at org.springframework.web.filter.OncePerRequestFilter.doFilter(OncePerRequestFilter.java:107)
	at org.apache.catalina.core.ApplicationFilterChain.internalDoFilter(ApplicationFilterChain.java:240)
	at org.apache.catalina.core.ApplicationFilterChain.doFilter(ApplicationFilterChain.java:207)
	at com.atlassian.bamboo.filter.BambooCompressingFilter.doFilter(BambooCompressingFilter.java:39)
	at org.apache.catalina.core.ApplicationFilterChain.internalDoFilter(ApplicationFilterChain.java:240)
	at org.apache.catalina.core.ApplicationFilterChain.doFilter(ApplicationFilterChain.java:207)
	at com.atlassian.bamboo.filter.RequestCacheThreadLocalFilter.doFilter(RequestCacheThreadLocalFilter.java:40)
	at org.apache.catalina.core.ApplicationFilterChain.internalDoFilter(ApplicationFilterChain.java:240)
	at org.apache.catalina.core.ApplicationFilterChain.doFilter(ApplicationFilterChain.java:207)
	at com.atlassian.bamboo.filter.ClickjackingAndMimeTypeSniffingPreventionFilter.doFilter(ClickjackingAndMimeTypeSniffingPreventionFilter.java:36)
	at org.apache.catalina.core.ApplicationFilterChain.internalDoFilter(ApplicationFilterChain.java:240)
	at org.apache.catalina.core.ApplicationFilterChain.doFilter(ApplicationFilterChain.java:207)
	at com.atlassian.bamboo.filter.CookieCacheControlFilter.doFilter(CookieCacheControlFilter.java:49)
	at org.apache.catalina.core.ApplicationFilterChain.internalDoFilter(ApplicationFilterChain.java:240)
	at org.apache.catalina.core.ApplicationFilterChain.doFilter(ApplicationFilterChain.java:207)
	at com.atlassian.core.filters.HeaderSanitisingFilter.doFilter(HeaderSanitisingFilter.java:44)
	at org.apache.catalina.core.ApplicationFilterChain.internalDoFilter(ApplicationFilterChain.java:240)
	at org.apache.catalina.core.ApplicationFilterChain.doFilter(ApplicationFilterChain.java:207)
	at com.atlassian.plugin.servlet.filter.ServletFilterModuleContainerFilter.doFilter(ServletFilterModuleContainerFilter.java:64)
	at com.atlassian.plugin.servlet.filter.ServletFilterModuleContainerFilter.doFilter(ServletFilterModuleContainerFilter.java:58)
	at org.apache.catalina.core.ApplicationFilterChain.internalDoFilter(ApplicationFilterChain.java:240)
	at org.apache.catalina.core.ApplicationFilterChain.doFilter(ApplicationFilterChain.java:207)
	at org.springframework.web.filter.CharacterEncodingFilter.doFilterInternal(CharacterEncodingFilter.java:200)
	at org.springframework.web.filter.OncePerRequestFilter.doFilter(OncePerRequestFilter.java:107)
	at org.apache.catalina.core.ApplicationFilterChain.internalDoFilter(ApplicationFilterChain.java:240)
	at org.apache.catalina.core.ApplicationFilterChain.doFilter(ApplicationFilterChain.java:207)
	at org.apache.catalina.core.StandardWrapperValve.invoke(StandardWrapperValve.java:212)
	at org.apache.catalina.core.StandardContextValve.invoke(StandardContextValve.java:106)
	at org.apache.catalina.authenticator.AuthenticatorBase.invoke(AuthenticatorBase.java:502)
	at org.apache.catalina.core.StandardHostValve.invoke(StandardHostValve.java:141)
	at org.apache.catalina.valves.ErrorReportValve.invoke(ErrorReportValve.java:79)
	at org.apache.catalina.core.StandardEngineValve.invoke(StandardEngineValve.java:88)
	at org.apache.catalina.valves.StuckThreadDetectionValve.invoke(StuckThreadDetectionValve.java:206)
	at org.apache.catalina.valves.AbstractAccessLogValve.invoke(AbstractAccessLogValve.java:616)
	at org.apache.catalina.connector.CoyoteAdapter.service(CoyoteAdapter.java:528)
	at org.apache.coyote.http11.AbstractHttp11Processor.process(AbstractHttp11Processor.java:1099)
	at org.apache.coyote.AbstractProtocol$AbstractConnectionHandler.process(AbstractProtocol.java:670)
	at org.apache.tomcat.util.net.NioEndpoint$SocketProcessor.doRun(NioEndpoint.java:1520)
	at org.apache.tomcat.util.net.NioEndpoint$SocketProcessor.run(NioEndpoint.java:1476)
	at java.util.concurrent.ThreadPoolExecutor.runWorker(ThreadPoolExecutor.java:1142)
	at java.util.concurrent.ThreadPoolExecutor$Worker.run(ThreadPoolExecutor.java:617)
	at org.apache.tomcat.util.threads.TaskThread$WrappingRunnable.run(TaskThread.java:61)
	at java.lang.Thread.run(Thread.java:745)

28-Aug-2018 22:05:24.012 INFO [http-nio-8085-exec-4] org.apache.catalina.loader.WebappClassLoaderBase.checkStateForResourceLoading Illegal access: this web application instance has been stopped already. Could not load [org.apache.log4j.spi.ThrowableInformation]. The following stack trace is thrown for debugging purposes as well as to attempt to terminate the thread which caused the illegal access.
 java.lang.IllegalStateException: Illegal access: this web application instance has been stopped already. Could not load [org.apache.log4j.spi.ThrowableInformation]. The following stack trace is thrown for debugging purposes as well as to attempt to terminate the thread which caused the illegal access.
	at org.apache.catalina.loader.WebappClassLoaderBase.checkStateForResourceLoading(WebappClassLoaderBase.java:1352)
	at org.apache.catalina.loader.WebappClassLoaderBase.checkStateForClassLoading(WebappClassLoaderBase.java:1340)
	at org.apache.catalina.loader.WebappClassLoaderBase.loadClass(WebappClassLoaderBase.java:1205)
	at org.apache.catalina.loader.WebappClassLoaderBase.loadClass(WebappClassLoaderBase.java:1166)
	at org.apache.log4j.spi.LoggingEvent.<init>(LoggingEvent.java:165)
	at org.apache.log4j.Category.forcedLog(Category.java:391)
	at org.apache.log4j.Category.error(Category.java:322)
	at com.atlassian.bamboo.ww2.FreemarkerRequestDispatcherPageFilter.applyDecorator(FreemarkerRequestDispatcherPageFilter.java:130)
	at org.apache.struts2.sitemesh.TemplatePageFilter.applyDecorator(TemplatePageFilter.java:116)
	at com.atlassian.bamboo.ww2.FreemarkerRequestDispatcherPageFilter.access$200(FreemarkerRequestDispatcherPageFilter.java:46)
	at com.atlassian.bamboo.ww2.FreemarkerRequestDispatcherPageFilter$BambooSitemeshDecorator.render(FreemarkerRequestDispatcherPageFilter.java:245)
	at com.opensymphony.sitemesh.webapp.decorator.BaseWebAppDecorator.render(BaseWebAppDecorator.java:33)
	at com.opensymphony.sitemesh.webapp.SiteMeshFilter.doFilter(SiteMeshFilter.java:84)
	at org.apache.catalina.core.ApplicationFilterChain.internalDoFilter(ApplicationFilterChain.java:240)
	at org.apache.catalina.core.ApplicationFilterChain.doFilter(ApplicationFilterChain.java:207)
	at com.atlassian.bamboo.filter.SessionCreationForAnonymousUserFilter.doFilter(SessionCreationForAnonymousUserFilter.java:40)
	at org.apache.catalina.core.ApplicationFilterChain.internalDoFilter(ApplicationFilterChain.java:240)
	at org.apache.catalina.core.ApplicationFilterChain.doFilter(ApplicationFilterChain.java:207)
	at com.atlassian.bamboo.filter.NewRelicTransactionNamingFilter.doFilter(NewRelicTransactionNamingFilter.java:30)
	at org.apache.catalina.core.ApplicationFilterChain.internalDoFilter(ApplicationFilterChain.java:240)
	at org.apache.catalina.core.ApplicationFilterChain.doFilter(ApplicationFilterChain.java:207)
	at com.atlassian.bamboo.ww2.StrutsPrepareFilter$1.doFilter(StrutsPrepareFilter.java:72)
	at org.apache.struts2.dispatcher.filter.StrutsPrepareFilter.doFilter(StrutsPrepareFilter.java:94)
	at com.atlassian.bamboo.ww2.StrutsPrepareFilter.handleRequest(StrutsPrepareFilter.java:46)
	at com.atlassian.bamboo.ww2.StrutsPrepareFilter.doFilter(StrutsPrepareFilter.java:38)
	at org.apache.catalina.core.ApplicationFilterChain.internalDoFilter(ApplicationFilterChain.java:240)
	at org.apache.catalina.core.ApplicationFilterChain.doFilter(ApplicationFilterChain.java:207)
	at com.atlassian.bamboo.filter.BambooProfilingFilter.doFilter(BambooProfilingFilter.java:39)
	at org.apache.catalina.core.ApplicationFilterChain.internalDoFilter(ApplicationFilterChain.java:240)
	at org.apache.catalina.core.ApplicationFilterChain.doFilter(ApplicationFilterChain.java:207)
	at com.atlassian.plugin.servlet.filter.ServletFilterModuleContainerFilter.doFilter(ServletFilterModuleContainerFilter.java:64)
	at com.atlassian.plugin.servlet.filter.ServletFilterModuleContainerFilter.doFilter(ServletFilterModuleContainerFilter.java:58)
	at org.apache.catalina.core.ApplicationFilterChain.internalDoFilter(ApplicationFilterChain.java:240)
	at org.apache.catalina.core.ApplicationFilterChain.doFilter(ApplicationFilterChain.java:207)
	at com.atlassian.bamboo.filter.AccessLogFilter.doFilter(AccessLogFilter.java:84)
	at org.apache.catalina.core.ApplicationFilterChain.internalDoFilter(ApplicationFilterChain.java:240)
	at org.apache.catalina.core.ApplicationFilterChain.doFilter(ApplicationFilterChain.java:207)
	at com.atlassian.bamboo.filter.BambooAcegiProxyFilter.doFilter(BambooAcegiProxyFilter.java:19)
	at org.apache.catalina.core.ApplicationFilterChain.internalDoFilter(ApplicationFilterChain.java:240)
	at org.apache.catalina.core.ApplicationFilterChain.doFilter(ApplicationFilterChain.java:207)
	at com.atlassian.bamboo.filter.LicenseFilter.doFilter(LicenseFilter.java:74)
	at com.atlassian.core.filters.AbstractHttpFilter.doFilter(AbstractHttpFilter.java:31)
	at org.apache.catalina.core.ApplicationFilterChain.internalDoFilter(ApplicationFilterChain.java:240)
	at org.apache.catalina.core.ApplicationFilterChain.doFilter(ApplicationFilterChain.java:207)
	at com.atlassian.johnson.filters.AbstractJohnsonFilter.doFilter(AbstractJohnsonFilter.java:71)
	at org.apache.catalina.core.ApplicationFilterChain.internalDoFilter(ApplicationFilterChain.java:240)
	at org.apache.catalina.core.ApplicationFilterChain.doFilter(ApplicationFilterChain.java:207)
	at com.atlassian.seraph.filter.SecurityFilter.doFilter(SecurityFilter.java:88)
	at org.apache.catalina.core.ApplicationFilterChain.internalDoFilter(ApplicationFilterChain.java:240)
	at org.apache.catalina.core.ApplicationFilterChain.doFilter(ApplicationFilterChain.java:207)
	at com.atlassian.seraph.filter.BaseLoginFilter.doFilter(BaseLoginFilter.java:148)
	at com.atlassian.seraph.filter.BambooLoginFilter.doFilter(BambooLoginFilter.java:37)
	at org.apache.catalina.core.ApplicationFilterChain.internalDoFilter(ApplicationFilterChain.java:240)
	at org.apache.catalina.core.ApplicationFilterChain.doFilter(ApplicationFilterChain.java:207)
	at com.atlassian.plugin.servlet.filter.ServletFilterModuleContainerFilter.doFilter(ServletFilterModuleContainerFilter.java:64)
	at com.atlassian.plugin.servlet.filter.ServletFilterModuleContainerFilter.doFilter(ServletFilterModuleContainerFilter.java:58)
	at org.apache.catalina.core.ApplicationFilterChain.internalDoFilter(ApplicationFilterChain.java:240)
	at org.apache.catalina.core.ApplicationFilterChain.doFilter(ApplicationFilterChain.java:207)
	at com.atlassian.bamboo.persistence.BambooSessionInViewFilter.doFilterInternal(BambooSessionInViewFilter.java:29)
	at org.springframework.web.filter.OncePerRequestFilter.doFilter(OncePerRequestFilter.java:107)
	at org.apache.catalina.core.ApplicationFilterChain.internalDoFilter(ApplicationFilterChain.java:240)
	at org.apache.catalina.core.ApplicationFilterChain.doFilter(ApplicationFilterChain.java:207)
	at com.atlassian.bamboo.filter.BambooCompressingFilter.doFilter(BambooCompressingFilter.java:39)
	at org.apache.catalina.core.ApplicationFilterChain.internalDoFilter(ApplicationFilterChain.java:240)
	at org.apache.catalina.core.ApplicationFilterChain.doFilter(ApplicationFilterChain.java:207)
	at com.atlassian.bamboo.filter.RequestCacheThreadLocalFilter.doFilter(RequestCacheThreadLocalFilter.java:40)
	at org.apache.catalina.core.ApplicationFilterChain.internalDoFilter(ApplicationFilterChain.java:240)
	at org.apache.catalina.core.ApplicationFilterChain.doFilter(ApplicationFilterChain.java:207)
	at com.atlassian.bamboo.filter.ClickjackingAndMimeTypeSniffingPreventionFilter.doFilter(ClickjackingAndMimeTypeSniffingPreventionFilter.java:36)
	at org.apache.catalina.core.ApplicationFilterChain.internalDoFilter(ApplicationFilterChain.java:240)
	at org.apache.catalina.core.ApplicationFilterChain.doFilter(ApplicationFilterChain.java:207)
	at com.atlassian.bamboo.filter.CookieCacheControlFilter.doFilter(CookieCacheControlFilter.java:49)
	at org.apache.catalina.core.ApplicationFilterChain.internalDoFilter(ApplicationFilterChain.java:240)
	at org.apache.catalina.core.ApplicationFilterChain.doFilter(ApplicationFilterChain.java:207)
	at com.atlassian.core.filters.HeaderSanitisingFilter.doFilter(HeaderSanitisingFilter.java:44)
	at org.apache.catalina.core.ApplicationFilterChain.internalDoFilter(ApplicationFilterChain.java:240)
	at org.apache.catalina.core.ApplicationFilterChain.doFilter(ApplicationFilterChain.java:207)
	at com.atlassian.plugin.servlet.filter.ServletFilterModuleContainerFilter.doFilter(ServletFilterModuleContainerFilter.java:64)
	at com.atlassian.plugin.servlet.filter.ServletFilterModuleContainerFilter.doFilter(ServletFilterModuleContainerFilter.java:58)
	at org.apache.catalina.core.ApplicationFilterChain.internalDoFilter(ApplicationFilterChain.java:240)
	at org.apache.catalina.core.ApplicationFilterChain.doFilter(ApplicationFilterChain.java:207)
	at org.springframework.web.filter.CharacterEncodingFilter.doFilterInternal(CharacterEncodingFilter.java:200)
	at org.springframework.web.filter.OncePerRequestFilter.doFilter(OncePerRequestFilter.java:107)
	at org.apache.catalina.core.ApplicationFilterChain.internalDoFilter(ApplicationFilterChain.java:240)
	at org.apache.catalina.core.ApplicationFilterChain.doFilter(ApplicationFilterChain.java:207)
	at org.apache.catalina.core.StandardWrapperValve.invoke(StandardWrapperValve.java:212)
	at org.apache.catalina.core.StandardContextValve.invoke(StandardContextValve.java:106)
	at org.apache.catalina.authenticator.AuthenticatorBase.invoke(AuthenticatorBase.java:502)
	at org.apache.catalina.core.StandardHostValve.invoke(StandardHostValve.java:141)
	at org.apache.catalina.valves.ErrorReportValve.invoke(ErrorReportValve.java:79)
	at org.apache.catalina.core.StandardEngineValve.invoke(StandardEngineValve.java:88)
	at org.apache.catalina.valves.StuckThreadDetectionValve.invoke(StuckThreadDetectionValve.java:206)
	at org.apache.catalina.valves.AbstractAccessLogValve.invoke(AbstractAccessLogValve.java:616)
	at org.apache.catalina.connector.CoyoteAdapter.service(CoyoteAdapter.java:528)
	at org.apache.coyote.http11.AbstractHttp11Processor.process(AbstractHttp11Processor.java:1099)
	at org.apache.coyote.AbstractProtocol$AbstractConnectionHandler.process(AbstractProtocol.java:670)
	at org.apache.tomcat.util.net.NioEndpoint$SocketProcessor.doRun(NioEndpoint.java:1520)
	at org.apache.tomcat.util.net.NioEndpoint$SocketProcessor.run(NioEndpoint.java:1476)
	at java.util.concurrent.ThreadPoolExecutor.runWorker(ThreadPoolExecutor.java:1142)
	at java.util.concurrent.ThreadPoolExecutor$Worker.run(ThreadPoolExecutor.java:617)
	at org.apache.tomcat.util.threads.TaskThread$WrappingRunnable.run(TaskThread.java:61)
	at java.lang.Thread.run(Thread.java:745)

28-Aug-2018 22:05:24.025 INFO [main] org.apache.coyote.AbstractProtocol.stop Stopping ProtocolHandler ["http-nio-8085"]
28-Aug-2018 22:05:24.065 INFO [main] org.apache.coyote.AbstractProtocol.destroy Destroying ProtocolHandler ["http-nio-8085"]
28-Aug-2018 22:05:42.342 WARNING [main] org.apache.tomcat.util.digester.SetPropertiesRule.begin [SetPropertiesRule]{Server/Service/Engine/Valve} Setting property 'resolveHosts' to 'false' did not find a matching property.
28-Aug-2018 22:05:42.357 INFO [main] org.apache.catalina.core.AprLifecycleListener.lifecycleEvent The APR based Apache Tomcat Native library which allows optimal performance in production environments was not found on the java.library.path: /usr/java/packages/lib/amd64:/usr/lib/x86_64-linux-gnu/jni:/lib/x86_64-linux-gnu:/usr/lib/x86_64-linux-gnu:/usr/lib/jni:/lib:/usr/lib
28-Aug-2018 22:05:42.479 INFO [main] org.apache.coyote.AbstractProtocol.init Initializing ProtocolHandler ["http-nio-8085"]
28-Aug-2018 22:05:42.502 INFO [main] org.apache.tomcat.util.net.NioSelectorPool.getSharedSelector Using a shared selector for servlet write/read
28-Aug-2018 22:05:42.511 INFO [main] org.apache.catalina.startup.Catalina.load Initialization processed in 599 ms
28-Aug-2018 22:05:42.530 INFO [main] org.apache.catalina.core.StandardService.startInternal Starting service Catalina
28-Aug-2018 22:05:42.532 INFO [main] org.apache.catalina.core.StandardEngine.startInternal Starting Servlet Engine: Apache Tomcat/8.0.36
28-Aug-2018 22:07:24.095 INFO [localhost-startStop-1] org.apache.jasper.servlet.TldScanner.scanJars At least one JAR was scanned for TLDs yet contained no TLDs. Enable debug logging for this logger for a complete list of JARs that were scanned but no TLDs were found in them. Skipping unneeded JARs during scanning can improve startup time and JSP compilation time.
28-Aug-2018 22:08:01.976 INFO [main] org.apache.coyote.AbstractProtocol.start Starting ProtocolHandler ["http-nio-8085"]
28-Aug-2018 22:08:02.007 INFO [main] org.apache.catalina.startup.Catalina.start Server startup in 139495 ms
28-Aug-2018 22:09:03.211 INFO [main] org.apache.catalina.core.StandardServer.await A valid shutdown command was received via the shutdown port. Stopping the Server instance.
28-Aug-2018 22:09:03.213 INFO [main] org.apache.coyote.AbstractProtocol.pause Pausing ProtocolHandler ["http-nio-8085"]
28-Aug-2018 22:09:03.217 INFO [main] org.apache.catalina.core.StandardService.stopInternal Stopping service Catalina
28-Aug-2018 22:09:04.103 WARNING [localhost-startStop-2] org.apache.catalina.loader.WebappClassLoaderBase.clearReferencesJdbc The web application [ROOT] registered the JDBC driver [org.h2.Driver] but failed to unregister it when the web application was stopped. To prevent a memory leak, the JDBC Driver has been forcibly unregistered.
28-Aug-2018 22:09:04.104 SEVERE [localhost-startStop-2] org.apache.catalina.loader.WebappClassLoaderBase.checkThreadLocalMapForLeaks The web application [ROOT] created a ThreadLocal with key of type [java.lang.ThreadLocal.SuppliedThreadLocal] (value [java.lang.ThreadLocal$SuppliedThreadLocal@32e5254b]) and a value of type [com.atlassian.bamboo.utils.scopedcaches.ScopedCaches] (value [com.atlassian.bamboo.utils.scopedcaches.ScopedCaches@2392d1da]) but failed to remove it when the web application was stopped. Threads are going to be renewed over time to try and avoid a probable memory leak.
28-Aug-2018 22:09:04.104 SEVERE [localhost-startStop-2] org.apache.catalina.loader.WebappClassLoaderBase.checkThreadLocalMapForLeaks The web application [ROOT] created a ThreadLocal with key of type [java.lang.ThreadLocal.SuppliedThreadLocal] (value [java.lang.ThreadLocal$SuppliedThreadLocal@32e5254b]) and a value of type [com.atlassian.bamboo.utils.scopedcaches.ScopedCaches] (value [com.atlassian.bamboo.utils.scopedcaches.ScopedCaches@19c68038]) but failed to remove it when the web application was stopped. Threads are going to be renewed over time to try and avoid a probable memory leak.
28-Aug-2018 22:09:04.105 SEVERE [localhost-startStop-2] org.apache.catalina.loader.WebappClassLoaderBase.checkThreadLocalMapForLeaks The web application [ROOT] created a ThreadLocal with key of type [java.lang.ThreadLocal.SuppliedThreadLocal] (value [java.lang.ThreadLocal$SuppliedThreadLocal@32e5254b]) and a value of type [com.atlassian.bamboo.utils.scopedcaches.ScopedCaches] (value [com.atlassian.bamboo.utils.scopedcaches.ScopedCaches@11cbcce5]) but failed to remove it when the web application was stopped. Threads are going to be renewed over time to try and avoid a probable memory leak.
28-Aug-2018 22:09:04.105 SEVERE [localhost-startStop-2] org.apache.catalina.loader.WebappClassLoaderBase.checkThreadLocalMapForLeaks The web application [ROOT] created a ThreadLocal with key of type [java.lang.ThreadLocal.SuppliedThreadLocal] (value [java.lang.ThreadLocal$SuppliedThreadLocal@32e5254b]) and a value of type [com.atlassian.bamboo.utils.scopedcaches.ScopedCaches] (value [com.atlassian.bamboo.utils.scopedcaches.ScopedCaches@a1f7cea]) but failed to remove it when the web application was stopped. Threads are going to be renewed over time to try and avoid a probable memory leak.
28-Aug-2018 22:09:04.106 SEVERE [localhost-startStop-2] org.apache.catalina.loader.WebappClassLoaderBase.checkThreadLocalMapForLeaks The web application [ROOT] created a ThreadLocal with key of type [java.lang.ThreadLocal.SuppliedThreadLocal] (value [java.lang.ThreadLocal$SuppliedThreadLocal@32e5254b]) and a value of type [com.atlassian.bamboo.utils.scopedcaches.ScopedCaches] (value [com.atlassian.bamboo.utils.scopedcaches.ScopedCaches@3f366072]) but failed to remove it when the web application was stopped. Threads are going to be renewed over time to try and avoid a probable memory leak.
28-Aug-2018 22:09:04.106 SEVERE [localhost-startStop-2] org.apache.catalina.loader.WebappClassLoaderBase.checkThreadLocalMapForLeaks The web application [ROOT] created a ThreadLocal with key of type [java.lang.ThreadLocal.SuppliedThreadLocal] (value [java.lang.ThreadLocal$SuppliedThreadLocal@32e5254b]) and a value of type [com.atlassian.bamboo.utils.scopedcaches.ScopedCaches] (value [com.atlassian.bamboo.utils.scopedcaches.ScopedCaches@12dce0ec]) but failed to remove it when the web application was stopped. Threads are going to be renewed over time to try and avoid a probable memory leak.
28-Aug-2018 22:09:04.106 SEVERE [localhost-startStop-2] org.apache.catalina.loader.WebappClassLoaderBase.checkThreadLocalMapForLeaks The web application [ROOT] created a ThreadLocal with key of type [java.lang.ThreadLocal.SuppliedThreadLocal] (value [java.lang.ThreadLocal$SuppliedThreadLocal@32e5254b]) and a value of type [com.atlassian.bamboo.utils.scopedcaches.ScopedCaches] (value [com.atlassian.bamboo.utils.scopedcaches.ScopedCaches@5d3faab6]) but failed to remove it when the web application was stopped. Threads are going to be renewed over time to try and avoid a probable memory leak.
28-Aug-2018 22:09:04.107 SEVERE [localhost-startStop-2] org.apache.catalina.loader.WebappClassLoaderBase.checkThreadLocalMapForLeaks The web application [ROOT] created a ThreadLocal with key of type [java.lang.ThreadLocal.SuppliedThreadLocal] (value [java.lang.ThreadLocal$SuppliedThreadLocal@32e5254b]) and a value of type [com.atlassian.bamboo.utils.scopedcaches.ScopedCaches] (value [com.atlassian.bamboo.utils.scopedcaches.ScopedCaches@2c3675d7]) but failed to remove it when the web application was stopped. Threads are going to be renewed over time to try and avoid a probable memory leak.
28-Aug-2018 22:09:04.107 SEVERE [localhost-startStop-2] org.apache.catalina.loader.WebappClassLoaderBase.checkThreadLocalMapForLeaks The web application [ROOT] created a ThreadLocal with key of type [java.lang.ThreadLocal.SuppliedThreadLocal] (value [java.lang.ThreadLocal$SuppliedThreadLocal@32e5254b]) and a value of type [com.atlassian.bamboo.utils.scopedcaches.ScopedCaches] (value [com.atlassian.bamboo.utils.scopedcaches.ScopedCaches@208fa5d3]) but failed to remove it when the web application was stopped. Threads are going to be renewed over time to try and avoid a probable memory leak.
28-Aug-2018 22:09:04.107 SEVERE [localhost-startStop-2] org.apache.catalina.loader.WebappClassLoaderBase.checkThreadLocalMapForLeaks The web application [ROOT] created a ThreadLocal with key of type [java.lang.ThreadLocal.SuppliedThreadLocal] (value [java.lang.ThreadLocal$SuppliedThreadLocal@32e5254b]) and a value of type [com.atlassian.bamboo.utils.scopedcaches.ScopedCaches] (value [com.atlassian.bamboo.utils.scopedcaches.ScopedCaches@55a1faae]) but failed to remove it when the web application was stopped. Threads are going to be renewed over time to try and avoid a probable memory leak.
28-Aug-2018 22:09:04.108 SEVERE [localhost-startStop-2] org.apache.catalina.loader.WebappClassLoaderBase.checkThreadLocalMapForLeaks The web application [ROOT] created a ThreadLocal with key of type [java.lang.ThreadLocal.SuppliedThreadLocal] (value [java.lang.ThreadLocal$SuppliedThreadLocal@32e5254b]) and a value of type [com.atlassian.bamboo.utils.scopedcaches.ScopedCaches] (value [com.atlassian.bamboo.utils.scopedcaches.ScopedCaches@6aeccb01]) but failed to remove it when the web application was stopped. Threads are going to be renewed over time to try and avoid a probable memory leak.
28-Aug-2018 22:09:04.108 SEVERE [localhost-startStop-2] org.apache.catalina.loader.WebappClassLoaderBase.checkThreadLocalMapForLeaks The web application [ROOT] created a ThreadLocal with key of type [java.lang.ThreadLocal.SuppliedThreadLocal] (value [java.lang.ThreadLocal$SuppliedThreadLocal@32e5254b]) and a value of type [com.atlassian.bamboo.utils.scopedcaches.ScopedCaches] (value [com.atlassian.bamboo.utils.scopedcaches.ScopedCaches@37105ab2]) but failed to remove it when the web application was stopped. Threads are going to be renewed over time to try and avoid a probable memory leak.
28-Aug-2018 22:09:04.109 SEVERE [localhost-startStop-2] org.apache.catalina.loader.WebappClassLoaderBase.checkThreadLocalMapForLeaks The web application [ROOT] created a ThreadLocal with key of type [java.lang.ThreadLocal.SuppliedThreadLocal] (value [java.lang.ThreadLocal$SuppliedThreadLocal@32e5254b]) and a value of type [com.atlassian.bamboo.utils.scopedcaches.ScopedCaches] (value [com.atlassian.bamboo.utils.scopedcaches.ScopedCaches@6dbea274]) but failed to remove it when the web application was stopped. Threads are going to be renewed over time to try and avoid a probable memory leak.
28-Aug-2018 22:09:04.109 SEVERE [localhost-startStop-2] org.apache.catalina.loader.WebappClassLoaderBase.checkThreadLocalMapForLeaks The web application [ROOT] created a ThreadLocal with key of type [java.lang.ThreadLocal.SuppliedThreadLocal] (value [java.lang.ThreadLocal$SuppliedThreadLocal@32e5254b]) and a value of type [com.atlassian.bamboo.utils.scopedcaches.ScopedCaches] (value [com.atlassian.bamboo.utils.scopedcaches.ScopedCaches@44797155]) but failed to remove it when the web application was stopped. Threads are going to be renewed over time to try and avoid a probable memory leak.
28-Aug-2018 22:09:04.109 SEVERE [localhost-startStop-2] org.apache.catalina.loader.WebappClassLoaderBase.checkThreadLocalMapForLeaks The web application [ROOT] created a ThreadLocal with key of type [java.lang.ThreadLocal.SuppliedThreadLocal] (value [java.lang.ThreadLocal$SuppliedThreadLocal@32e5254b]) and a value of type [com.atlassian.bamboo.utils.scopedcaches.ScopedCaches] (value [com.atlassian.bamboo.utils.scopedcaches.ScopedCaches@48c11e18]) but failed to remove it when the web application was stopped. Threads are going to be renewed over time to try and avoid a probable memory leak.
28-Aug-2018 22:09:04.125 INFO [main] org.apache.coyote.AbstractProtocol.stop Stopping ProtocolHandler ["http-nio-8085"]
28-Aug-2018 22:09:04.186 INFO [main] org.apache.coyote.AbstractProtocol.destroy Destroying ProtocolHandler ["http-nio-8085"]
28-Aug-2018 23:01:46.209 WARNING [main] org.apache.tomcat.util.digester.SetPropertiesRule.begin [SetPropertiesRule]{Server/Service/Engine/Valve} Setting property 'resolveHosts' to 'false' did not find a matching property.
28-Aug-2018 23:01:46.226 INFO [main] org.apache.catalina.core.AprLifecycleListener.lifecycleEvent The APR based Apache Tomcat Native library which allows optimal performance in production environments was not found on the java.library.path: /usr/java/packages/lib/amd64:/usr/lib/x86_64-linux-gnu/jni:/lib/x86_64-linux-gnu:/usr/lib/x86_64-linux-gnu:/usr/lib/jni:/lib:/usr/lib
28-Aug-2018 23:01:46.347 INFO [main] org.apache.coyote.AbstractProtocol.init Initializing ProtocolHandler ["http-nio-8085"]
28-Aug-2018 23:01:46.371 INFO [main] org.apache.tomcat.util.net.NioSelectorPool.getSharedSelector Using a shared selector for servlet write/read
28-Aug-2018 23:01:46.377 INFO [main] org.apache.catalina.startup.Catalina.load Initialization processed in 634 ms
28-Aug-2018 23:01:46.393 INFO [main] org.apache.catalina.core.StandardService.startInternal Starting service Catalina
28-Aug-2018 23:01:46.393 INFO [main] org.apache.catalina.core.StandardEngine.startInternal Starting Servlet Engine: Apache Tomcat/8.0.36
28-Aug-2018 23:03:48.485 INFO [localhost-startStop-1] org.apache.jasper.servlet.TldScanner.scanJars At least one JAR was scanned for TLDs yet contained no TLDs. Enable debug logging for this logger for a complete list of JARs that were scanned but no TLDs were found in them. Skipping unneeded JARs during scanning can improve startup time and JSP compilation time.
28-Aug-2018 23:04:24.071 INFO [main] org.apache.coyote.AbstractProtocol.start Starting ProtocolHandler ["http-nio-8085"]
28-Aug-2018 23:04:24.090 INFO [main] org.apache.catalina.startup.Catalina.start Server startup in 157712 ms
28-Aug-2018 23:55:42.157 WARNING [main] org.apache.tomcat.util.digester.SetPropertiesRule.begin [SetPropertiesRule]{Server/Service/Engine/Valve} Setting property 'resolveHosts' to 'false' did not find a matching property.
28-Aug-2018 23:55:42.174 INFO [main] org.apache.catalina.core.AprLifecycleListener.lifecycleEvent The APR based Apache Tomcat Native library which allows optimal performance in production environments was not found on the java.library.path: /usr/java/packages/lib/amd64:/usr/lib/x86_64-linux-gnu/jni:/lib/x86_64-linux-gnu:/usr/lib/x86_64-linux-gnu:/usr/lib/jni:/lib:/usr/lib
28-Aug-2018 23:55:42.305 INFO [main] org.apache.coyote.AbstractProtocol.init Initializing ProtocolHandler ["http-nio-8085"]
28-Aug-2018 23:55:42.329 INFO [main] org.apache.tomcat.util.net.NioSelectorPool.getSharedSelector Using a shared selector for servlet write/read
28-Aug-2018 23:55:42.334 INFO [main] org.apache.catalina.startup.Catalina.load Initialization processed in 872 ms
28-Aug-2018 23:55:42.346 INFO [main] org.apache.catalina.core.StandardService.startInternal Starting service Catalina
28-Aug-2018 23:55:42.347 INFO [main] org.apache.catalina.core.StandardEngine.startInternal Starting Servlet Engine: Apache Tomcat/8.0.36
